2021-10-07 11:53:49,618 INFO o.a.j.u.JMeterUtils: Setting Locale to en_EN
2021-10-07 11:53:49,651 INFO o.a.j.JMeter: Loading user properties from: user.properties
2021-10-07 11:53:49,652 INFO o.a.j.JMeter: Loading system properties from: system.properties
2021-10-07 11:53:49,659 INFO o.a.j.JMeter: Copyright (c) 1998-2021 The Apache Software Foundation
2021-10-07 11:53:49,659 INFO o.a.j.JMeter: Version 5.5-SNAPSHOT 093df18
2021-10-07 11:53:49,660 INFO o.a.j.JMeter: java.version=11
2021-10-07 11:53:49,660 INFO o.a.j.JMeter: java.vm.name=OpenJDK 64-Bit Server VM
2021-10-07 11:53:49,660 INFO o.a.j.JMeter: os.name=Windows 10
2021-10-07 11:53:49,660 INFO o.a.j.JMeter: os.arch=amd64
2021-10-07 11:53:49,660 INFO o.a.j.JMeter: os.version=10.0
2021-10-07 11:53:49,661 INFO o.a.j.JMeter: file.encoding=Cp1252
2021-10-07 11:53:49,661 INFO o.a.j.JMeter: java.awt.headless=null
2021-10-07 11:53:49,661 INFO o.a.j.JMeter: Max memory     =1073741824
2021-10-07 11:53:49,662 INFO o.a.j.JMeter: Available Processors =12
2021-10-07 11:53:49,671 INFO o.a.j.JMeter: Default Locale=English (EN)
2021-10-07 11:53:49,671 INFO o.a.j.JMeter: JMeter  Locale=English (EN)
2021-10-07 11:53:49,671 INFO o.a.j.JMeter: JMeterHome=C:\abc2\apache-jmeter-5.5-SNAPSHOT
2021-10-07 11:53:49,671 INFO o.a.j.JMeter: user.dir  =C:\abc2\apache-jmeter-5.5-SNAPSHOT\bin
2021-10-07 11:53:49,672 INFO o.a.j.JMeter: PWD       =C:\abc2\apache-jmeter-5.5-SNAPSHOT\bin
2021-10-07 11:53:49,684 INFO o.a.j.JMeter: IP: 192.168.1.5 Name: PU-SDVB31549 FullName: PU-SDVB31549.zs.local
2021-10-07 11:53:49,832 INFO o.a.j.JMeter: Setting LAF to: com.github.weisj.darklaf.DarkLaf:com.github.weisj.darklaf.theme.DarculaTheme
2021-10-07 11:53:50,170 INFO o.a.j.JMeter: Loaded icon properties from org/apache/jmeter/images/icon.properties
2021-10-07 11:53:52,438 INFO o.j.r.JARSourceHTTP: Requesting https://jmeter-plugins.org/repo/?installID=windows_10-67483b0e2c67aa0a63b7a11205a411ec-gui
2021-10-07 11:53:53,214 WARN o.a.j.g.ObjectTableModel: Header count=13 but classes count=11
2021-10-07 11:53:53,215 WARN o.a.j.g.ObjectTableModel: Header count=13 but writeFunctor count=11
2021-10-07 11:53:54,798 WARN o.j.r.PluginManagerMenuItem: Failed to load plugin updates info
javax.net.ssl.SSLHandshakeException: PKIX path building failed: sun.security.provider.certpath.SunCertPathBuilderException: unable to find valid certification path to requested target
	at sun.security.ssl.Alert.createSSLException(Alert.java:128) ~[?:?]
	at sun.security.ssl.TransportContext.fatal(TransportContext.java:321) ~[?:?]
	at sun.security.ssl.TransportContext.fatal(TransportContext.java:264) ~[?:?]
	at sun.security.ssl.TransportContext.fatal(TransportContext.java:259) ~[?:?]
	at sun.security.ssl.CertificateMessage$T12CertificateConsumer.checkServerCerts(CertificateMessage.java:642) ~[?:?]
	at sun.security.ssl.CertificateMessage$T12CertificateConsumer.onCertificate(CertificateMessage.java:461) ~[?:?]
	at sun.security.ssl.CertificateMessage$T12CertificateConsumer.consume(CertificateMessage.java:361) ~[?:?]
	at sun.security.ssl.SSLHandshake.consume(SSLHandshake.java:392) ~[?:?]
	at sun.security.ssl.HandshakeContext.dispatch(HandshakeContext.java:444) ~[?:?]
	at sun.security.ssl.HandshakeContext.dispatch(HandshakeContext.java:421) ~[?:?]
	at sun.security.ssl.TransportContext.dispatch(TransportContext.java:178) ~[?:?]
	at sun.security.ssl.SSLTransport.decode(SSLTransport.java:164) ~[?:?]
	at sun.security.ssl.SSLSocketImpl.decode(SSLSocketImpl.java:1152) ~[?:?]
	at sun.security.ssl.SSLSocketImpl.readHandshakeRecord(SSLSocketImpl.java:1063) ~[?:?]
	at sun.security.ssl.SSLSocketImpl.startHandshake(SSLSocketImpl.java:402) ~[?:?]
	at org.apache.http.conn.ssl.SSLSocketFactory.createLayeredSocket(SSLSocketFactory.java:570) ~[httpclient-4.5.13.jar:4.5.13]
	at org.apache.http.conn.ssl.SSLSocketFactory.connectSocket(SSLSocketFactory.java:554) ~[httpclient-4.5.13.jar:4.5.13]
	at org.apache.http.conn.ssl.SSLSocketFactory.connectSocket(SSLSocketFactory.java:415) ~[httpclient-4.5.13.jar:4.5.13]
	at org.apache.http.impl.conn.DefaultClientConnectionOperator.openConnection(DefaultClientConnectionOperator.java:180) ~[httpclient-4.5.13.jar:4.5.13]
	at org.apache.http.impl.conn.ManagedClientConnectionImpl.open(ManagedClientConnectionImpl.java:326) ~[httpclient-4.5.13.jar:4.5.13]
	at org.apache.http.impl.client.DefaultRequestDirector.tryConnect(DefaultRequestDirector.java:605) ~[httpclient-4.5.13.jar:4.5.13]
	at org.apache.http.impl.client.DefaultRequestDirector.execute(DefaultRequestDirector.java:440) ~[httpclient-4.5.13.jar:4.5.13]
	at org.apache.http.impl.client.AbstractHttpClient.doExecute(AbstractHttpClient.java:835) ~[httpclient-4.5.13.jar:4.5.13]
	at org.apache.http.impl.client.CloseableHttpClient.execute(CloseableHttpClient.java:83) ~[httpclient-4.5.13.jar:4.5.13]
	at org.apache.http.impl.client.CloseableHttpClient.execute(CloseableHttpClient.java:56) ~[httpclient-4.5.13.jar:4.5.13]
	at org.jmeterplugins.repository.JARSourceHTTP.execute(JARSourceHTTP.java:499) ~[jmeter-plugins-manager-1.6.jar:?]
	at org.jmeterplugins.repository.JARSourceHTTP.execute(JARSourceHTTP.java:494) ~[jmeter-plugins-manager-1.6.jar:?]
	at org.jmeterplugins.repository.JARSourceHTTP.getJSON(JARSourceHTTP.java:152) ~[jmeter-plugins-manager-1.6.jar:?]
	at org.jmeterplugins.repository.JARSourceHTTP.getRepositories(JARSourceHTTP.java:276) ~[jmeter-plugins-manager-1.6.jar:?]
	at org.jmeterplugins.repository.JARSourceHTTP.getRepo(JARSourceHTTP.java:304) ~[jmeter-plugins-manager-1.6.jar:?]
	at org.jmeterplugins.repository.PluginManager.load(PluginManager.java:71) ~[jmeter-plugins-manager-1.6.jar:?]
	at org.jmeterplugins.repository.PluginManagerMenuItem$1.run(PluginManagerMenuItem.java:38) [jmeter-plugins-manager-1.6.jar:?]
Caused by: sun.security.validator.ValidatorException: PKIX path building failed: sun.security.provider.certpath.SunCertPathBuilderException: unable to find valid certification path to requested target
	at sun.security.validator.PKIXValidator.doBuild(PKIXValidator.java:385) ~[?:?]
	at sun.security.validator.PKIXValidator.engineValidate(PKIXValidator.java:290) ~[?:?]
	at sun.security.validator.Validator.validate(Validator.java:264) ~[?:?]
	at sun.security.ssl.X509TrustManagerImpl.validate(X509TrustManagerImpl.java:321) ~[?:?]
	at sun.security.ssl.X509TrustManagerImpl.checkTrusted(X509TrustManagerImpl.java:221) ~[?:?]
	at sun.security.ssl.X509TrustManagerImpl.checkServerTrusted(X509TrustManagerImpl.java:129) ~[?:?]
	at sun.security.ssl.CertificateMessage$T12CertificateConsumer.checkServerCerts(CertificateMessage.java:626) ~[?:?]
	... 27 more
Caused by: sun.security.provider.certpath.SunCertPathBuilderException: unable to find valid certification path to requested target
	at sun.security.provider.certpath.SunCertPathBuilder.build(SunCertPathBuilder.java:141) ~[?:?]
	at sun.security.provider.certpath.SunCertPathBuilder.engineBuild(SunCertPathBuilder.java:126) ~[?:?]
	at java.security.cert.CertPathBuilder.build(CertPathBuilder.java:297) ~[?:?]
	at sun.security.validator.PKIXValidator.doBuild(PKIXValidator.java:380) ~[?:?]
	at sun.security.validator.PKIXValidator.engineValidate(PKIXValidator.java:290) ~[?:?]
	at sun.security.validator.Validator.validate(Validator.java:264) ~[?:?]
	at sun.security.ssl.X509TrustManagerImpl.validate(X509TrustManagerImpl.java:321) ~[?:?]
	at sun.security.ssl.X509TrustManagerImpl.checkTrusted(X509TrustManagerImpl.java:221) ~[?:?]
	at sun.security.ssl.X509TrustManagerImpl.checkServerTrusted(X509TrustManagerImpl.java:129) ~[?:?]
	at sun.security.ssl.CertificateMessage$T12CertificateConsumer.checkServerCerts(CertificateMessage.java:626) ~[?:?]
	... 27 more
2021-10-07 11:54:08,643 INFO o.a.j.s.FileServer: Default base='C:\abc2\apache-jmeter-5.5-SNAPSHOT\bin'
2021-10-07 11:54:08,646 INFO o.a.j.g.a.Load: Loading file: C:\abc2\vishal.jmx
2021-10-07 11:54:08,646 INFO o.a.j.s.FileServer: Set new base='C:\abc2'
2021-10-07 11:54:08,834 INFO o.a.j.s.SaveService: Testplan (JMX) version: 2.2. Testlog (JTL) version: 2.2
2021-10-07 11:54:08,842 INFO o.a.j.s.SaveService: Using SaveService properties version 5.0
2021-10-07 11:54:08,844 INFO o.a.j.s.SaveService: Using SaveService properties file encoding UTF-8
2021-10-07 11:54:08,845 INFO o.a.j.s.SaveService: Loading file: C:\abc2\vishal.jmx
2021-10-07 11:54:09,089 INFO o.a.j.p.h.c.CookieManager: Settings: Delete null: true Check: true Allow variable: true Save: false Prefix: COOKIE_
2021-10-07 11:54:09,096 INFO o.a.j.p.h.s.HTTPSamplerBase: Parser for text/html is org.apache.jmeter.protocol.http.parser.LagartoBasedHtmlParser
2021-10-07 11:54:09,096 INFO o.a.j.p.h.s.HTTPSamplerBase: Parser for application/xhtml+xml is org.apache.jmeter.protocol.http.parser.LagartoBasedHtmlParser
2021-10-07 11:54:09,097 INFO o.a.j.p.h.s.HTTPSamplerBase: Parser for application/xml is org.apache.jmeter.protocol.http.parser.LagartoBasedHtmlParser
2021-10-07 11:54:09,097 INFO o.a.j.p.h.s.HTTPSamplerBase: Parser for text/xml is org.apache.jmeter.protocol.http.parser.LagartoBasedHtmlParser
2021-10-07 11:54:09,097 INFO o.a.j.p.h.s.HTTPSamplerBase: Parser for text/vnd.wap.wml is org.apache.jmeter.protocol.http.parser.RegexpHTMLParser
2021-10-07 11:54:09,097 INFO o.a.j.p.h.s.HTTPSamplerBase: Parser for text/css is org.apache.jmeter.protocol.http.parser.CssParser
2021-10-07 11:54:09,106 INFO o.a.j.s.SampleResult: Note: Sample TimeStamps are START times
2021-10-07 11:54:09,106 INFO o.a.j.s.SampleResult: sampleresult.default.encoding is set to ISO-8859-1
2021-10-07 11:54:09,106 INFO o.a.j.s.SampleResult: sampleresult.useNanoTime=true
2021-10-07 11:54:09,107 INFO o.a.j.s.SampleResult: sampleresult.nanoThreadSleep=5000
2021-10-07 11:54:09,557 INFO o.a.j.e.KeyToolUtils: keytool found at 'keytool'
2021-10-07 11:54:09,557 INFO o.a.j.p.h.p.ProxyControl: HTTP(S) Test Script Recorder SSL Proxy will use keys that support embedded 3rd party resources in file C:\abc2\apache-jmeter-5.5-SNAPSHOT\bin\proxyserver.jks
2021-10-07 11:54:11,226 INFO o.a.j.v.ViewResultsFullVisualizer: Add JavaFX to your Java installation if you want to use renderer: org.apache.jmeter.visualizers.RenderInBrowser
2021-10-07 11:54:11,506 INFO o.a.j.v.ViewResultsFullVisualizer: Add JavaFX to your Java installation if you want to use renderer: org.apache.jmeter.visualizers.RenderInBrowser
2021-10-07 11:54:11,574 INFO o.a.j.s.FileServer: Set new base='C:\abc2'
